<?xml version="1.0" encoding="UTF-8"?>
<testng-results skipped="3" failed="0" total="3" passed="0">
  <reporter-output>
  </reporter-output>
  <suite name="Google Test Suite" duration-ms="152" started-at="2016-01-13T21:32:58Z" finished-at="2016-01-13T21:32:58Z">
    <groups>
    </groups>
    <test name="Google Tests" duration-ms="152" started-at="2016-01-13T21:32:58Z" finished-at="2016-01-13T21:32:58Z">
      <class name="google.GoogleTestsDesktop">
        <test-method status="FAIL" signature="Setup(java.lang.String, java.lang.String, java.lang.String, java.lang.String)[pri:0, instance:google.GoogleTestsDesktop@357246de]" name="Setup" is-config="true" duration-ms="0" started-at="2016-01-13T21:32:58Z" finished-at="2016-01-13T21:32:58Z">
          <params>
            <param index="0">
              <value>
                <![CDATA[dinhducthanh91@gmail.com]]>
              </value>
            </param>
            <param index="1">
              <value>
                <![CDATA[ngoctrinh]]>
              </value>
            </param>
            <param index="2">
              <value>
                <![CDATA[jslucifer.photography@gmail.com]]>
              </value>
            </param>
            <param index="3">
              <value>
                <![CDATA[DucThanh1991]]>
              </value>
            </param>
          </params>
          <exception class="java.lang.IllegalStateException">
            <message>
              <![CDATA[The driver executable does not exist: C:\Users\Joseph%20Thanh\Documents\GitHub\ThanhDinh\google-samples\java\javaDesktop\target\classes\drivers\chromedriver.exe]]>
            </message>
            <full-stacktrace>
              <![CDATA[java.lang.IllegalStateException: The driver executable does not exist: C:\Users\Joseph%20Thanh\Documents\GitHub\ThanhDinh\google-samples\java\javaDesktop\target\classes\drivers\chromedriver.exe
	at com.google.common.base.Preconditions.checkState(Preconditions.java:197)
	at org.openqa.selenium.remote.service.DriverService.checkExecutable(DriverService.java:121)
	at org.openqa.selenium.remote.service.DriverService.findExecutable(DriverService.java:116)
	at org.openqa.selenium.chrome.ChromeDriverService.access$000(ChromeDriverService.java:32)
	at org.openqa.selenium.chrome.ChromeDriverService$Builder.findDefaultExecutable(ChromeDriverService.java:137)
	at org.openqa.selenium.remote.service.DriverService$Builder.build(DriverService.java:296)
	at org.openqa.selenium.chrome.ChromeDriverService.createDefaultService(ChromeDriverService.java:88)
	at org.openqa.selenium.chrome.ChromeDriver.<init>(ChromeDriver.java:148)
	at google.SetupChromeDriver.setupChromeDriver(SetupChromeDriver.java:46)
	at google.GoogleTestsDesktop.Setup(GoogleTestsDesktop.java:41)
	at sun.reflect.NativeMethodAccessorImpl.invoke0(Native Method)
	at sun.reflect.NativeMethodAccessorImpl.invoke(Unknown Source)
	at sun.reflect.DelegatingMethodAccessorImpl.invoke(Unknown Source)
	at java.lang.reflect.Method.invoke(Unknown Source)
	at org.testng.internal.MethodInvocationHelper.invokeMethod(MethodInvocationHelper.java:80)
	at org.testng.internal.Invoker.invokeConfigurationMethod(Invoker.java:551)
	at org.testng.internal.Invoker.invokeConfigurations(Invoker.java:213)
	at org.testng.internal.Invoker.invokeConfigurations(Invoker.java:138)
	at org.testng.TestRunner.beforeRun(TestRunner.java:641)
	at org.testng.TestRunner.run(TestRunner.java:609)
	at org.testng.SuiteRunner.runTest(SuiteRunner.java:334)
	at org.testng.SuiteRunner.runSequentially(SuiteRunner.java:329)
	at org.testng.SuiteRunner.privateRun(SuiteRunner.java:291)
	at org.testng.SuiteRunner.run(SuiteRunner.java:240)
	at org.testng.SuiteRunnerWorker.runSuite(SuiteRunnerWorker.java:53)
	at org.testng.SuiteRunnerWorker.run(SuiteRunnerWorker.java:87)
	at org.testng.TestNG.runSuitesSequentially(TestNG.java:1188)
	at org.testng.TestNG.runSuitesLocally(TestNG.java:1113)
	at org.testng.TestNG.run(TestNG.java:1025)
	at org.testng.remote.RemoteTestNG.run(RemoteTestNG.java:115)
	at org.testng.remote.RemoteTestNG.initAndRun(RemoteTestNG.java:207)
	at org.testng.remote.RemoteTestNG.main(RemoteTestNG.java:178)
]]>
            </full-stacktrace>
          </exception> <!-- java.lang.IllegalStateException -->
        </test-method> <!-- Setup -->
        <test-method status="SKIP" signature="GoogleLogin_Invalid()[pri:1, instance:google.GoogleTestsDesktop@357246de]" name="GoogleLogin_Invalid" duration-ms="1" started-at="2016-01-13T21:32:58Z" description="should not accept empty email or invalid email" finished-at="2016-01-13T21:32:58Z">
        </test-method> <!-- GoogleLogin_Invalid -->
        <test-method status="SKIP" signature="GoogleLogin_Valid()[pri:2, instance:google.GoogleTestsDesktop@357246de]" name="GoogleLogin_Valid" duration-ms="1" started-at="2016-01-13T21:32:58Z" description="should accept valid credentials" finished-at="2016-01-13T21:32:58Z">
        </test-method> <!-- GoogleLogin_Valid -->
        <test-method status="SKIP" signature="GoogleComposeEmail()[pri:3, instance:google.GoogleTestsDesktop@357246de]" name="GoogleComposeEmail" duration-ms="0" started-at="2016-01-13T21:32:58Z" description="should compose email successfully by Gmail1" finished-at="2016-01-13T21:32:58Z">
        </test-method> <!-- GoogleComposeEmail -->
        <test-method status="SKIP" signature="Teardown()[pri:0, instance:google.GoogleTestsDesktop@357246de]" name="Teardown" is-config="true" duration-ms="0" started-at="2016-01-13T21:32:58Z" finished-at="2016-01-13T21:32:58Z">
        </test-method> <!-- Teardown -->
      </class> <!-- google.GoogleTestsDesktop -->
    </test> <!-- Google Tests -->
  </suite> <!-- Google Test Suite -->
</testng-results>
