<?xml version="1.0" encoding="UTF-8"?>
<!-- Generated by org.testng.reporters.JUnitXMLReporter -->
<testsuite hostname="JosephThanh-PC" name="Google Tests" tests="3" failures="0" timestamp="13 Jan 2016 14:32:58 GMT" time="0.152" errors="0">
  <testcase name="@BeforeTest Setup" time="0.0" classname="google.GoogleTestsDesktop">
    <failure type="java.lang.IllegalStateException" message="The driver executable does not exist: C:\Users\Joseph%20Thanh\Documents\GitHub\ThanhDinh\google-samples\java\javaDesktop\target\classes\drivers\chromedriver.exe">
      <![CDATA[java.lang.IllegalStateException: The driver executable does not exist: C:\Users\Joseph%20Thanh\Documents\GitHub\ThanhDinh\google-samples\java\javaDesktop\target\classes\drivers\chromedriver.exe
	at com.google.common.base.Preconditions.checkState(Preconditions.java:197)
	at org.openqa.selenium.remote.service.DriverService.checkExecutable(DriverService.java:121)
	at org.openqa.selenium.remote.service.DriverService.findExecutable(DriverService.java:116)
	at org.openqa.selenium.chrome.ChromeDriverService.access$000(ChromeDriverService.java:32)
	at org.openqa.selenium.chrome.ChromeDriverService$Builder.findDefaultExecutable(ChromeDriverService.java:137)
	at org.openqa.selenium.remote.service.DriverService$Builder.build(DriverService.java:296)
	at org.openqa.selenium.chrome.ChromeDriverService.createDefaultService(ChromeDriverService.java:88)
	at org.openqa.selenium.chrome.ChromeDriver.<init>(ChromeDriver.java:148)
	at google.SetupChromeDriver.setupChromeDriver(SetupChromeDriver.java:46)
	at google.GoogleTestsDesktop.Setup(GoogleTestsDesktop.java:41)
... Removed 22 stack frames]]>
    </failure>
  </testcase> <!-- @BeforeTest Setup -->
  <testcase name="@AfterTest Teardown" time="0.0" classname="google.GoogleTestsDesktop">
    <skipped/>
  </testcase> <!-- @AfterTest Teardown -->
  <testcase name="GoogleLogin_Invalid" time="0.001" classname="google.GoogleTestsDesktop">
    <skipped/>
  </testcase> <!-- GoogleLogin_Invalid -->
  <testcase name="GoogleLogin_Valid" time="0.001" classname="google.GoogleTestsDesktop">
    <skipped/>
  </testcase> <!-- GoogleLogin_Valid -->
  <testcase name="GoogleComposeEmail" time="0.0" classname="google.GoogleTestsDesktop">
    <skipped/>
  </testcase> <!-- GoogleComposeEmail -->
</testsuite> <!-- Google Tests -->
